<?xml version="1.0" encoding="UTF-8"?>
<!-- Generated by org.testng.reporters.JUnitXMLReporter -->
<testsuite hostname="BENMA-LAP-HZ" ignored="1" name="Wave 1" tests="9" failures="0" timestamp="06 נוב 2017 12:51:11 GMT" time="0.74" errors="0">
  <testcase name="arg0  arg1" time="0.084" classname="sanity.DataDrivenTest"/>
  <testcase name="arg2  arg3" time="0.047" classname="sanity.DataDrivenTest"/>
  <testcase name="arg4  arg5" time="0.078" classname="sanity.DataDrivenTest"/>
  <testcase name="arg6  arg7" time="0.046" classname="sanity.DataDrivenTest"/>
  <testcase name="arg8  arg9" time="0.063" classname="sanity.DataDrivenTest"/>
  <testcase name="arg10  arg11" time="0.063" classname="sanity.DataDrivenTest"/>
  <testcase name="arg12  arg13" time="0.063" classname="sanity.DataDrivenTest"/>
  <testcase name="simpleTest" time="0.063" classname="sanity.SimpleTests"/>
  <testcase name="simpleTest2" time="0.062" classname="sanity.SimpleTests"/>
  <testcase name="@BeforeSuite suitePreConfigure" time="0.0" classname="infra.bases.MasterBaseTest">
    <ignored/>
  </testcase> <!-- @BeforeSuite suitePreConfigure -->
</testsuite> <!-- Wave 1 -->
